error loadView general | 23.11.2016 04:08:23  |  Product:   | specialists | response 400
error loadView general | 23.11.2016 04:08:23  |  Product:   | view | response 400
error loadView general | 23.11.2016 04:08:23  |  Product:   | view | response 400
error loadView general | 23.11.2016 04:09:26  |  Product:   | specialists | response 400
error loadView general | 23.11.2016 04:09:26  |  Product:   | view | response 400
error loadView general | 23.11.2016 04:09:26  |  Product:   | view | response 400
error loadView general | 23.11.2016 04:09:31  |  Product:   | view | response 400
error loadView general | 23.11.2016 04:11:36  |  Product:   | specialists | response 400
error loadView general | 23.11.2016 04:11:36  |  Product:   | view | response 400
error loadView general | 23.11.2016 04:11:36  |  Product:   | view | response 400
error loadView general | 23.11.2016 04:11:36  |  Product:   | view | response 400
error loadView general | 23.11.2016 04:11:37  |  Product:   | specialists | response 400
error loadView general | 23.11.2016 04:11:37  |  Product:   | view | response 400
error loadView general | 23.11.2016 04:11:37  |  Product:   | view | response 400
error loadView general | 23.11.2016 04:11:37  |  Product:   | view | response 400
error loadView general | 23.11.2016 04:13:04  |  Product:   | view | response 400
error loadView general | 23.11.2016 04:13:04  |  Product:   | view | response 400
error loadView general | 23.11.2016 04:13:04  |  Product:   | modules/specialists/view | response 400
error loadView general | 23.11.2016 04:13:04  |  Product:   | modules/specialists/view | response 400
error loadView general | 23.11.2016 04:13:04  |  Product:   | view | response 400
error loadView general | 23.11.2016 04:14:01  |  Product:   | view | response 400
error loadView general | 23.11.2016 04:14:01  |  Product:   | view | response 400
error loadView general | 23.11.2016 04:14:01  |  Product:   | modules/specialists/view | response 400
error loadView general | 23.11.2016 04:14:01  |  Product:   | modules/specialists/view | response 400
error loadView general | 23.11.2016 04:14:01  |  Product:   | view | response 400
error loadView general | 23.11.2016 04:14:20  |  Product:   | view | response 400
error loadView general | 23.11.2016 04:14:20  |  Product:   | modules/specialists/view | response 400
error loadView general | 23.11.2016 04:14:20  |  Product:   | view | response 400
error loadView general | 23.11.2016 04:14:20  |  Product:   | modules/specialists/view | response 400
error loadView general | 23.11.2016 04:14:20  |  Product:   | view | response 400
error loadView general | 23.11.2016 04:14:55  |  Product:   | view | response 400
error loadView general | 23.11.2016 04:14:55  |  Product:   | view | response 400
error loadView general | 23.11.2016 04:14:55  |  Product:   | modules/specialists/view | response 400
error loadView general | 23.11.2016 04:14:55  |  Product:   | view | response 400
error loadView general | 23.11.2016 04:17:19  |  Product:   | view | response 400
error loadView general | 23.11.2016 04:17:19  |  Product:   | view | response 400
error loadView general | 23.11.2016 04:17:19  |  Product:   | modules/specialists/view | response 400
error loadView general | 23.11.2016 04:17:19  |  Product:   | view | response 400
error loadView general | 23.11.2016 04:17:39  |  Product:   | view | response 400
error loadView general | 23.11.2016 04:17:39  |  Product:   | view | response 400
error loadView general | 23.11.2016 04:17:40  |  Product:   | view | response 400
error loadView general | 23.11.2016 04:18:51  |  Product:   | view | response 400
error loadView general | 23.11.2016 04:18:51  |  Product:   | view | response 400
error loadView general | 23.11.2016 04:18:51  |  Product:   | view | response 400
error loadView general | 23.11.2016 04:19:03  |  Product:   | view | response 400
error loadView general | 23.11.2016 04:19:03  |  Product:   | view | response 400
error loadView general | 23.11.2016 04:19:04  |  Product:   | view | response 400
error loadView general | 23.11.2016 04:19:04  |  Product:   | view | response 400
error loadView general | 23.11.2016 04:19:06  |  Product:   | view | response 400
error loadView general | 23.11.2016 04:19:06  |  Product:   | view | response 400
error loadView general | 23.11.2016 04:19:53  |  Product:   | view | response 400
error loadView general | 23.11.2016 04:19:53  |  Product:   | view | response 400
error loadView general | 23.11.2016 04:19:53  |  Product:   | modules/specialists/view | response 400
error loadView general | 23.11.2016 04:19:54  |  Product:   | view | response 400
error loadView general | 23.11.2016 04:19:54  |  Product:   | view | response 400
error loadView general | 23.11.2016 04:19:54  |  Product:   | modules/specialists/view | response 400
error loadView general | 23.11.2016 04:19:55  |  Product:   | view | response 400
error loadView general | 23.11.2016 04:19:55  |  Product:   | view | response 400
error loadView general | 23.11.2016 04:19:55  |  Product:   | modules/specialists/view | response 400
error loadView general | 23.11.2016 04:19:56  |  Product:   | view | response 400
error loadView general | 23.11.2016 04:19:56  |  Product:   | view | response 400
error loadView general | 23.11.2016 04:20:03  |  Product:   | view | response 400
error loadView general | 23.11.2016 04:21:34  |  Product:   | view | response 400
error loadView general | 23.11.2016 04:21:34  |  Product:   | view | response 400
error loadView general | 23.11.2016 04:21:49  |  Product:   | view | response 400
error loadView general | 23.11.2016 04:21:49  |  Product:   | view | response 400
error loadView general | 23.11.2016 04:21:54  |  Product:   | view | response 400
error loadView general | 23.11.2016 04:21:54  |  Product:   | view | response 400
error loadView general | 23.11.2016 04:22:08  |  Product:   | view | response 400
error loadView general | 23.11.2016 04:22:08  |  Product:   | view | response 400
error loadView general | 23.11.2016 04:22:27  |  Product:   | view | response 400
error loadView general | 23.11.2016 04:22:27  |  Product:   | view | response 400
error loadView general | 23.11.2016 04:27:18  |  Product:   | view | response 400
error loadView general | 23.11.2016 04:27:32  |  Product:   | view | response 400
error loadView general | 23.11.2016 07:37:21  |  Product:   | modules/specialists/view | response 400
error loadView general | 23.11.2016 07:37:21  |  Product:   | products_specialists | response 400
error loadView general | 23.11.2016 07:37:23  |  Product:   | contact | response 400
error loadView general | 23.11.2016 07:37:27  |  Product:   | view | response 400
error loadView general | 23.11.2016 07:37:29  |  Product:   | contact | response 400
error loadView general | 23.11.2016 07:37:32  |  Product:   | view | response 400
error loadView general | 23.11.2016 07:37:33  |  Product:   | modules/specialists/view | response 400
error loadView general | 23.11.2016 07:37:34  |  Product:   | products_specialists | response 400
error loadView general | 23.11.2016 07:38:23  |  Product:   | modules/specialists/view | response 400
error loadView general | 23.11.2016 07:38:23  |  Product:   | products_specialists | response 400
error loadView general | 23.11.2016 07:38:25  |  Product:   | contact | response 400
error loadView general | 23.11.2016 07:38:29  |  Product:   | products_specialists | response 400
error loadView general | 23.11.2016 07:39:57  |  Product:   | modules/specialists/view | response 400
error loadView general | 23.11.2016 07:39:57  |  Product:   | products_specialists | response 400
error loadView general | 23.11.2016 07:40:00  |  Product:   | contact | response 400
error loadView general | 23.11.2016 07:40:02  |  Product:   | contact | response 400
error loadView general | 23.11.2016 07:40:04  |  Product:   | modules/specialists/view | response 400
error loadView general | 23.11.2016 07:40:05  |  Product:   | products_specialists | response 400
error loadView general | 23.11.2016 07:40:08  |  Product:   | view | response 400
error loadView general | 23.11.2016 07:40:10  |  Product:   | contact | response 400
error loadView general | 23.11.2016 07:43:26  |  Product:   | contact | response 400
error loadView general | 23.11.2016 07:43:29  |  Product:   | view | response 400
error loadView general | 23.11.2016 07:43:30  |  Product:   | contact | response 400
error loadView general | 23.11.2016 07:43:34  |  Product:   | view | response 400
error loadView general | 23.11.2016 07:43:34  |  Product:   | view | response 400
error loadView general | 23.11.2016 07:43:43  |  Product:   | view | response 400
error loadView general | 23.11.2016 07:43:46  |  Product:   | view | response 400
error loadView general | 23.11.2016 07:43:47  |  Product:   | view | response 400
error loadView general | 23.11.2016 07:45:42  |  Product:   | contact | response 400
error loadView general | 23.11.2016 07:45:42  |  Product:   | view | response 400
error loadView general | 23.11.2016 07:45:42  |  Product:   | view | response 400
error loadView general | 23.11.2016 07:45:43  |  Product:   | view | response 400
error loadView general | 23.11.2016 07:45:43  |  Product:   | view | response 400
error loadView general | 23.11.2016 07:45:44  |  Product:   | view | response 400
error loadView general | 23.11.2016 07:45:46  |  Product:   | contact | response 400
error loadView general | 23.11.2016 07:45:46  |  Product:   | view | response 400
error loadView general | 23.11.2016 07:45:46  |  Product:   | view | response 400
error loadView general | 23.11.2016 07:45:50  |  Product:   | view | response 400
error loadView general | 23.11.2016 07:45:50  |  Product:   | view | response 400
error loadView general | 23.11.2016 07:45:51  |  Product:   | view | response 400
error loadView general | 23.11.2016 07:46:20  |  Product:   | view | response 400
error loadView general | 23.11.2016 07:46:20  |  Product:   | view | response 400
error loadView general | 23.11.2016 07:46:20  |  Product:   | view | response 400
error loadView general | 23.11.2016 07:46:22  |  Product:   | specialists | response 400
error loadView general | 23.11.2016 07:46:22  |  Product:   | view | response 400
error loadView general | 23.11.2016 07:46:22  |  Product:   | view | response 400
error loadView general | 23.11.2016 07:46:57  |  Product:   | view | response 400
error loadView general | 23.11.2016 07:46:57  |  Product:   | view | response 400
error loadView general | 23.11.2016 07:46:57  |  Product:   | view | response 400
error loadView general | 23.11.2016 07:46:59  |  Product:   | modules/specialists/view | response 400
error loadView general | 23.11.2016 07:46:59  |  Product:   | view | response 400
error loadView general | 23.11.2016 07:46:59  |  Product:   | view | response 400
error loadView general | 23.11.2016 07:46:59  |  Product:   | products_specialists | response 400
error loadView general | 23.11.2016 07:47:02  |  Product:   | view | response 400
error loadView general | 23.11.2016 07:47:02  |  Product:   | view | response 400
error loadView general | 23.11.2016 07:47:02  |  Product:   | view | response 400
error loadView general | 23.11.2016 07:47:07  |  Product:   | contact | response 400
error loadView general | 23.11.2016 07:47:07  |  Product:   | view | response 400
error loadView general | 23.11.2016 07:47:07  |  Product:   | view | response 400
error loadView general | 23.11.2016 07:47:11  |  Product:   | view | response 400
error loadView general | 23.11.2016 07:47:12  |  Product:   | view | response 400
error loadView general | 23.11.2016 07:47:12  |  Product:   | view | response 400
error loadView general | 23.11.2016 07:49:41  |  Product:   | view | response 400
error loadView general | 23.11.2016 07:49:41  |  Product:   | view | response 400
error loadView general | 23.11.2016 07:49:42  |  Product:   | view | response 400
error loadView general | 23.11.2016 07:50:41  |  Product:   | contact | response 400
error loadView general | 23.11.2016 07:50:41  |  Product:   | view | response 400
error loadView general | 23.11.2016 07:50:42  |  Product:   | view | response 400
error loadView general | 23.11.2016 07:50:44  |  Product:   | modules/specialists/view | response 400
error loadView general | 23.11.2016 07:50:44  |  Product:   | view | response 400
error loadView general | 23.11.2016 07:50:44  |  Product:   | view | response 400
error loadView general | 23.11.2016 07:50:44  |  Product:   | products_specialists | response 400
error loadView general | 23.11.2016 07:51:17  |  Product:   | modules/specialists/view | response 400
error loadView general | 23.11.2016 07:51:17  |  Product:   | view | response 400
error loadView general | 23.11.2016 07:51:17  |  Product:   | view | response 400
error loadView general | 23.11.2016 07:51:19  |  Product:   | contact | response 400
error loadView general | 23.11.2016 07:51:19  |  Product:   | view | response 400
error loadView general | 23.11.2016 07:51:19  |  Product:   | view | response 400
error loadView general | 23.11.2016 07:51:21  |  Product:   | view | response 400
error loadView general | 23.11.2016 07:51:21  |  Product:   | view | response 400
error loadView general | 23.11.2016 07:51:21  |  Product:   | view | response 400
error loadView general | 23.11.2016 07:51:22  |  Product:   | modules/specialists/view | response 400
error loadView general | 23.11.2016 07:51:22  |  Product:   | view | response 400
error loadView general | 23.11.2016 07:51:23  |  Product:   | view | response 400
error loadView general | 23.11.2016 07:54:18  |  Product:   | modules/specialists/view | response 400
error loadView general | 23.11.2016 07:54:18  |  Product:   | view | response 400
error loadView general | 23.11.2016 07:54:18  |  Product:   | view | response 400
error loadView general | 23.11.2016 07:54:24  |  Product:   | view | response 400
error loadView general | 23.11.2016 07:54:24  |  Product:   | view | response 400
error loadView general | 23.11.2016 07:54:24  |  Product:   | view | response 400
error loadView general | 23.11.2016 07:54:25  |  Product:   | contact | response 400
error loadView general | 23.11.2016 07:54:25  |  Product:   | view | response 400
error loadView general | 23.11.2016 07:54:26  |  Product:   | view | response 400
error loadView general | 23.11.2016 07:54:27  |  Product:   | modules/specialists/view | response 400
error loadView general | 23.11.2016 07:54:27  |  Product:   | view | response 400
error loadView general | 23.11.2016 07:54:27  |  Product:   | view | response 400
error loadView general | 23.11.2016 07:54:39  |  Product:   | modules/specialists/view | response 400
error loadView general | 23.11.2016 07:54:39  |  Product:   | view | response 400
error loadView general | 23.11.2016 07:54:39  |  Product:   | view | response 400
error loadView general | 23.11.2016 07:54:42  |  Product:   | view | response 400
error loadView general | 23.11.2016 07:54:42  |  Product:   | view | response 400
error loadView general | 23.11.2016 07:54:42  |  Product:   | view | response 400
error loadView general | 23.11.2016 07:54:45  |  Product:   | modules/specialists/view | response 400
error loadView general | 23.11.2016 07:54:45  |  Product:   | view | response 400
error loadView general | 23.11.2016 07:54:45  |  Product:   | view | response 400
error loadView general | 23.11.2016 07:55:28  |  Product:   | modules/specialists/view | response 400
error loadView general | 23.11.2016 07:55:28  |  Product:   | view | response 400
error loadView general | 23.11.2016 07:55:28  |  Product:   | view | response 400
error loadView general | 23.11.2016 07:56:06  |  Product:   | modules/specialists/view | response 400
error loadView general | 23.11.2016 07:56:06  |  Product:   | view | response 400
error loadView general | 23.11.2016 07:56:07  |  Product:   | view | response 400
error loadView general | 23.11.2016 07:57:00  |  Product:   | modules/specialists/view | response 400
error loadView general | 23.11.2016 07:57:00  |  Product:   | view | response 400
error loadView general | 23.11.2016 07:57:00  |  Product:   | view | response 400
error loadView general | 23.11.2016 07:57:06  |  Product:   | modules/specialists/view | response 400
error loadView general | 23.11.2016 07:57:06  |  Product:   | view | response 400
error loadView general | 23.11.2016 07:57:06  |  Product:   | view | response 400
error loadView general | 23.11.2016 07:57:34  |  Product:   | view | response 400
error loadView general | 23.11.2016 07:57:36  |  Product:   | modules/specialists/view | response 400
error loadView general | 23.11.2016 07:57:38  |  Product:   | contact | response 400
error loadView general | 23.11.2016 07:57:39  |  Product:   | modules/specialists/view | response 400
error loadView general | 23.11.2016 07:57:43  |  Product:   | view | response 400
error loadView general | 23.11.2016 07:57:43  |  Product:   | view | response 400
error loadView general | 23.11.2016 07:59:17  |  Product:   | modules/specialists/view | response 400
error loadView general | 23.11.2016 07:59:17  |  Product:   | view | response 400
error loadView general | 23.11.2016 07:59:17  |  Product:   | view | response 400
error loadView general | 23.11.2016 07:59:18  |  Product:   | modules/specialists/view | response 400
error loadView general | 23.11.2016 07:59:18  |  Product:   | view | response 400
error loadView general | 23.11.2016 07:59:18  |  Product:   | view | response 400
error loadView general | 23.11.2016 08:00:51  |  Product:   | modules/specialists/view | response 400
error loadView general | 23.11.2016 08:00:51  |  Product:   | view | response 400
error loadView general | 23.11.2016 08:00:51  |  Product:   | view | response 400
error loadView general | 23.11.2016 08:00:53  |  Product:   | contact | response 400
error loadView general | 23.11.2016 08:00:54  |  Product:   | view | response 400
error loadView general | 23.11.2016 08:00:54  |  Product:   | view | response 400
error loadView general | 23.11.2016 08:01:42  |  Product:   | view | response 400
error loadView general | 23.11.2016 08:01:42  |  Product:   | view | response 400
error loadView general | 23.11.2016 08:01:43  |  Product:   | modules/specialists/view | response 400
error loadView general | 23.11.2016 08:01:43  |  Product:   | view | response 400
error loadView general | 23.11.2016 08:01:43  |  Product:   | view | response 400
error loadView general | 23.11.2016 08:02:19  |  Product:   | view | response 400
error loadView general | 23.11.2016 08:02:19  |  Product:   | view | response 400
error loadView general | 23.11.2016 08:02:20  |  Product:   | modules/specialists/view | response 400
error loadView general | 23.11.2016 08:02:20  |  Product:   | view | response 400
error loadView general | 23.11.2016 08:02:20  |  Product:   | view | response 400
error loadView general | 23.11.2016 08:02:41  |  Product:   | view | response 400
error loadView general | 23.11.2016 08:02:41  |  Product:   | view | response 400
error loadView general | 23.11.2016 08:02:42  |  Product:   | view | response 400
error loadView general | 23.11.2016 08:02:43  |  Product:   | view | response 400
error loadView general | 23.11.2016 08:02:43  |  Product:   | view | response 400
error loadView general | 23.11.2016 08:02:47  |  Product:   | view | response 400
error loadView general | 23.11.2016 08:02:47  |  Product:   | view | response 400
error loadView general | 23.11.2016 08:02:47  |  Product:   | view | response 400
error loadView general | 23.11.2016 08:04:43  |  Product:   | view | response 400
error loadView general | 23.11.2016 08:04:43  |  Product:   | view | response 400
error loadView general | 23.11.2016 08:04:44  |  Product:   | view | response 400
error loadView general | 23.11.2016 08:04:44  |  Product:   | view | response 400
error loadView general | 23.11.2016 08:04:44  |  Product:   | view | response 400
error loadView general | 23.11.2016 08:04:45  |  Product:   | modules/specialists/view | response 400
error loadView general | 23.11.2016 08:04:46  |  Product:   | view | response 400
error loadView general | 23.11.2016 08:04:46  |  Product:   | view | response 400
error loadView general | 23.11.2016 08:04:50  |  Product:   | view | response 400
error loadView general | 23.11.2016 08:04:51  |  Product:   | view | response 400
error loadView general | 23.11.2016 08:04:51  |  Product:   | modules/specialists/view | response 400
error loadView general | 23.11.2016 08:04:52  |  Product:   | view | response 400
error loadView general | 23.11.2016 08:04:52  |  Product:   | view | response 400
error loadView general | 23.11.2016 08:05:31  |  Product:   | modules/specialists/view | response 400
error loadView general | 23.11.2016 08:05:32  |  Product:   | view | response 400
error loadView general | 23.11.2016 08:05:32  |  Product:   | view | response 400
error loadView general | 23.11.2016 08:06:21  |  Product:   | contact | response 400
error loadView general | 23.11.2016 08:06:21  |  Product:   | view | response 400
error loadView general | 23.11.2016 08:06:21  |  Product:   | view | response 400
error loadView general | 23.11.2016 08:06:22  |  Product:   | contact | response 400
error loadView general | 23.11.2016 08:06:22  |  Product:   | view | response 400
error loadView general | 23.11.2016 08:06:22  |  Product:   | view | response 400
error loadView general | 23.11.2016 08:06:24  |  Product:   | contact | response 400
error loadView general | 23.11.2016 08:06:24  |  Product:   | view | response 400
error loadView general | 23.11.2016 08:06:25  |  Product:   | view | response 400
error loadView general | 23.11.2016 08:07:37  |  Product:   | contact | response 400
error loadView general | 23.11.2016 08:07:37  |  Product:   | view | response 400
error loadView general | 23.11.2016 08:07:37  |  Product:   | view | response 400
error loadView general | 23.11.2016 08:07:38  |  Product:   | contact | response 400
error loadView general | 23.11.2016 08:07:39  |  Product:   | view | response 400
error loadView general | 23.11.2016 08:07:39  |  Product:   | view | response 400
error loadView general | 23.11.2016 08:08:45  |  Product:   | contact | response 400
error loadView general | 23.11.2016 08:08:45  |  Product:   | view | response 400
error loadView general | 23.11.2016 08:08:45  |  Product:   | view | response 400
error loadView general | 23.11.2016 08:09:35  |  Product:   | view | response 400
error loadView general | 23.11.2016 08:09:35  |  Product:   | view | response 400
error loadView general | 23.11.2016 08:09:35  |  Product:   | view | response 400
error loadView general | 23.11.2016 08:09:36  |  Product:   | view | response 400
error loadView general | 23.11.2016 08:09:36  |  Product:   | view | response 400
error loadView general | 23.11.2016 08:09:36  |  Product:   | view | response 400
error loadView general | 23.11.2016 08:09:38  |  Product:   | main/<br /><b>Notice</b>:  Undefined offset: 1 in <b>/var/www/html/Strongertogether/utils/utils.inc.php</b> on line <b>24</b><br />http:/localhost/Strongertogether | response 400
error loadView general | 23.11.2016 08:09:38  |  Product:   | view | response 400
error loadView general | 23.11.2016 08:09:38  |  Product:   | view | response 400
error loadView general | 23.11.2016 08:09:58  |  Product:   | view | response 400
error loadView general | 23.11.2016 08:09:58  |  Product:   | view | response 400
error loadView general | 23.11.2016 08:09:58  |  Product:   | view | response 400
error loadView general | 23.11.2016 08:10:07  |  Product:   | view | response 400
error loadView general | 23.11.2016 08:10:07  |  Product:   | view | response 400
error loadView general | 23.11.2016 08:10:07  |  Product:   | view | response 400
error loadView general | 23.11.2016 08:10:09  |  Product:   | view | response 400
error loadView general | 23.11.2016 08:10:09  |  Product:   | view | response 400
error loadView general | 23.11.2016 08:10:21  |  Product:   | modules/specialists/view | response 400
error loadView general | 23.11.2016 08:10:21  |  Product:   | view | response 400
error loadView general | 23.11.2016 08:10:21  |  Product:   | view | response 400
error loadView general | 23.11.2016 08:21:03  |  Product:   | modules/specialists/view | response 400
error loadView general | 23.11.2016 08:21:03  |  Product:   | view | response 400
error loadView general | 23.11.2016 08:21:03  |  Product:   | view | response 400
error loadView general | 23.11.2016 08:36:35  |  Product:   | specialists | response 400
error loadView general | 23.11.2016 08:36:35  |  Product:   | view | response 400
error loadView general | 23.11.2016 08:36:35  |  Product:   | view | response 400
error loadView general | 23.11.2016 08:36:43  |  Product:   | specialists | response 400
error loadView general | 23.11.2016 08:36:43  |  Product:   | view | response 400
error loadView general | 23.11.2016 08:36:43  |  Product:   | view | response 400
error loadView general | 23.11.2016 08:36:46  |  Product:   | modules/specialists/view | response 400
error loadView general | 23.11.2016 08:36:46  |  Product:   | view | response 400
error loadView general | 23.11.2016 08:36:46  |  Product:   | view | response 400
error loadView general | 23.11.2016 08:38:33  |  Product:   | modules/specialists/view | response 400
error loadView general | 23.11.2016 08:38:33  |  Product:   | view | response 400
error loadView general | 23.11.2016 08:38:33  |  Product:   | view | response 400
error loadView general | 23.11.2016 08:40:38  |  Product:   | view | response 400
error loadView general | 23.11.2016 08:40:38  |  Product:   | view | response 400
error loadView general | 23.11.2016 08:40:39  |  Product:   | view | response 400
error loadView general | 23.11.2016 08:40:39  |  Product:   | view | response 400
error loadView general | 23.11.2016 08:40:43  |  Product:   | view | response 400
error loadView general | 23.11.2016 08:40:43  |  Product:   | view | response 400
error loadView general | 23.11.2016 08:40:43  |  Product:   | view | response 400
error loadView general | 23.11.2016 08:40:44  |  Product:   | view | response 400
error loadView general | 23.11.2016 08:40:44  |  Product:   | view | response 400
error loadView general | 23.11.2016 09:22:46  |  Product:   | view | response 400
error loadView general | 23.11.2016 09:22:46  |  Product:   | view | response 400
error loadView general | 23.11.2016 09:34:06  |  Product:   | view | response 400
error loadView general | 23.11.2016 09:34:06  |  Product:   | view | response 400
error loadView general | 23.11.2016 09:35:24  |  Product:   | view | response 400
error loadView general | 23.11.2016 09:35:24  |  Product:   | view | response 400
